android/unityLibrary/build/intermediates/manifest_merge_blame_file/debug/manifest-merger-blame-debug-report.txt
1<?xml version="1.0" encoding="utf-8"?>
2<!-- GENERATED BY UNITY. REMOVE THIS COMMENT TO PREVENT OVERWRITING WHEN EXPORTING AGAIN -->
3<manifest xmlns:android="http://schemas.android.com/apk/res/android"
4    xmlns:tools="http://schemas.android.com/tools"
5    package="com.unity3d.player" >
6
7    <uses-sdk
8        android:minSdkVersion="19"
8-->src\main\AndroidManifest.xml
9        android:targetSdkVersion="26" />
9-->src\main\AndroidManifest.xml
10
11    <uses-feature android:glEsVersion="0x00030000" />
11-->src\main\AndroidManifest.xml:15:3-52
11-->src\main\AndroidManifest.xml:15:17-49
12    <uses-feature
12-->src\main\AndroidManifest.xml:16:3-91
13        android:name="android.hardware.vulkan.version"
13-->src\main\AndroidManifest.xml:16:17-63
14        android:required="false" />
14-->src\main\AndroidManifest.xml:16:64-88
15
16    <uses-permission android:name="android.permission.INTERNET" />
16-->src\main\AndroidManifest.xml:17:3-65
16-->src\main\AndroidManifest.xml:17:20-62
17
18    <uses-feature
18-->src\main\AndroidManifest.xml:18:3-97
19        android:name="android.hardware.sensor.accelerometer"
19-->src\main\AndroidManifest.xml:18:17-69
20        android:required="false" />
20-->src\main\AndroidManifest.xml:18:70-94
21    <uses-feature
21-->src\main\AndroidManifest.xml:19:3-88
22        android:name="android.hardware.touchscreen"
22-->src\main\AndroidManifest.xml:19:17-60
23        android:required="false" />
23-->src\main\AndroidManifest.xml:19:61-85
24    <uses-feature
24-->src\main\AndroidManifest.xml:20:3-99
25        android:name="android.hardware.touchscreen.multitouch"
25-->src\main\AndroidManifest.xml:20:17-71
26        android:required="false" />
26-->src\main\AndroidManifest.xml:20:72-96
27    <uses-feature
27-->src\main\AndroidManifest.xml:21:3-108
28        android:name="android.hardware.touchscreen.multitouch.distinct"
28-->src\main\AndroidManifest.xml:21:17-80
29        android:required="false" />
29-->src\main\AndroidManifest.xml:21:81-105
30
31    <application>
31-->src\main\AndroidManifest.xml:4:3-14:17
32        <activity
32-->src\main\AndroidManifest.xml:5:5-9:16
33            android:name="com.unity3d.player.UnityPlayerActivity"
33-->src\main\AndroidManifest.xml:5:15-68
34            android:configChanges="mcc|mnc|locale|touchscreen|keyboard|keyboardHidden|navigation|orientation|screenLayout|uiMode|screenSize|smallestScreenSize|fontScale|layoutDirection|density"
34-->src\main\AndroidManifest.xml:5:182-363
35            android:hardwareAccelerated="false"
35-->src\main\AndroidManifest.xml:5:364-399
36            android:launchMode="singleTask"
36-->src\main\AndroidManifest.xml:5:150-181
37            android:screenOrientation="fullSensor"
37-->src\main\AndroidManifest.xml:5:111-149
38            android:theme="@style/UnityThemeSelector" >
38-->src\main\AndroidManifest.xml:5:69-110
39            <meta-data
39-->src\main\AndroidManifest.xml:7:7-82
40                android:name="unityplayer.UnityActivity"
40-->src\main\AndroidManifest.xml:7:18-58
41                android:value="true" />
41-->src\main\AndroidManifest.xml:7:59-79
42            <meta-data
42-->src\main\AndroidManifest.xml:8:7-78
43                android:name="android.notch_support"
43-->src\main\AndroidManifest.xml:8:18-54
44                android:value="true" />
44-->src\main\AndroidManifest.xml:8:55-75
45        </activity>
46
47        <meta-data
47-->src\main\AndroidManifest.xml:10:5-69
48            android:name="unity.splash-mode"
48-->src\main\AndroidManifest.xml:10:16-48
49            android:value="0" />
49-->src\main\AndroidManifest.xml:10:49-66
50        <meta-data
50-->src\main\AndroidManifest.xml:11:5-74
51            android:name="unity.splash-enable"
51-->src\main\AndroidManifest.xml:11:16-50
52            android:value="True" />
52-->src\main\AndroidManifest.xml:11:51-71
53        <meta-data
53-->src\main\AndroidManifest.xml:12:5-81
54            android:name="notch.config"
54-->src\main\AndroidManifest.xml:12:16-43
55            android:value="portrait|landscape" />
55-->src\main\AndroidManifest.xml:12:44-78
56        <meta-data
56-->src\main\AndroidManifest.xml:13:5-101
57            android:name="unity.build-id"
57-->src\main\AndroidManifest.xml:13:16-45
58            android:value="910f9e22-df99-4713-8bb5-8ea5f8580116" />
58-->src\main\AndroidManifest.xml:13:46-98
59    </application>
60
61</manifest>